<?xml version="1.0" encoding="UTF-8"?>
<!-- Generated by org.testng.reporters.JUnitReportReporter -->
<testsuite hostname="IN-49D3FK3" failures="0" tests="1" name="com.practice.ecart.TC01_Search_Product_in_GreenKart" time="7.396" errors="0" timestamp="2025-01-18T19:03:57 IST" skipped="0">
  <testcase classname="com.practice.ecart.TC01_Search_Product_in_GreenKart" name="SearchProduct" time="7.396"/>
</testsuite> <!-- com.practice.ecart.TC01_Search_Product_in_GreenKart -->
